# JRE version: OpenJDK Runtime Environment (8.0_312-b07) (build 1.8.0_312-b07)
# Java VM: OpenJDK 64-Bit Server VM (25.312-b07 mixed mode windows-amd64 compressed oops)
Heap:
 PSYoungGen      total 159232K, used 144447K [0x0000000775b00000, 0x0000000780380000, 0x00000007c0000000)
  eden space 147968K, 97% used [0x0000000775b00000,0x000000077e80fd78,0x000000077eb80000)
  from space 11264K, 0% used [0x000000077f880000,0x000000077f880000,0x0000000780380000)
  to   space 12288K, 0% used [0x000000077eb80000,0x000000077eb80000,0x000000077f780000)
 ParOldGen       total 125952K, used 13552K [0x00000006e1000000, 0x00000006e8b00000, 0x0000000775b00000)
  object space 125952K, 10% used [0x00000006e1000000,0x00000006e1d3c0f8,0x00000006e8b00000)
 Metaspace       used 49342K, capacity 52334K, committed 52568K, reserved 1095680K
  class space    used 6746K, capacity 7278K, committed 7296K, reserved 1048576K
GC Heap History (10 events):
Event: 6.230 GC heap before
{Heap before GC invocations=6 (full 1):
 PSYoungGen      total 67072K, used 57856K [0x0000000775b00000, 0x000000077de00000, 0x00000007c0000000)
  eden space 57856K, 100% used [0x0000000775b00000,0x0000000779380000,0x0000000779380000)
  from space 9216K, 0% used [0x0000000779c80000,0x0000000779c80000,0x000000077a580000)
  to   space 9216K, 0% used [0x0000000779380000,0x0000000779380000,0x0000000779c80000)
 ParOldGen       total 82944K, used 5222K [0x00000006e1000000, 0x00000006e6100000, 0x0000000775b00000)
  object space 82944K, 6% used [0x00000006e1000000,0x00000006e1519a58,0x00000006e6100000)
 Metaspace       used 22882K, capacity 23958K, committed 24192K, reserved 1071104K
  class space    used 2852K, capacity 3082K, committed 3200K, reserved 1048576K
Event: 6.238 GC heap after
Heap after GC invocations=6 (full 1):
 PSYoungGen      total 67072K, used 5396K [0x0000000775b00000, 0x000000077ce00000, 0x00000007c0000000)
  eden space 57856K, 0% used [0x0000000775b00000,0x0000000775b00000,0x0000000779380000)
  from space 9216K, 58% used [0x0000000779380000,0x00000007798c53c8,0x0000000779c80000)
  to   space 11264K, 0% used [0x000000077c300000,0x000000077c300000,0x000000077ce00000)
 ParOldGen       total 82944K, used 5230K [0x00000006e1000000, 0x00000006e6100000, 0x0000000775b00000)
  object space 82944K, 6% used [0x00000006e1000000,0x00000006e151ba58,0x00000006e6100000)
 Metaspace       used 22882K, capacity 23958K, committed 24192K, reserved 1071104K
  class space    used 2852K, capacity 3082K, committed 3200K, reserved 1048576K
}
Event: 8.789 GC heap before
{Heap before GC invocations=7 (full 1):
 PSYoungGen      total 67072K, used 63252K [0x0000000775b00000, 0x000000077ce00000, 0x00000007c0000000)
  eden space 57856K, 100% used [0x0000000775b00000,0x0000000779380000,0x0000000779380000)
  from space 9216K, 58% used [0x0000000779380000,0x00000007798c53c8,0x0000000779c80000)
  to   space 11264K, 0% used [0x000000077c300000,0x000000077c300000,0x000000077ce00000)
 ParOldGen       total 82944K, used 5230K [0x00000006e1000000, 0x00000006e6100000, 0x0000000775b00000)
  object space 82944K, 6% used [0x00000006e1000000,0x00000006e151ba58,0x00000006e6100000)
 Metaspace       used 28116K, capacity 30118K, committed 30208K, reserved 1075200K
  class space    used 3652K, capacity 4021K, committed 4096K, reserved 1048576K
Event: 8.804 GC heap after
Heap after GC invocations=7 (full 1):
 PSYoungGen      total 102400K, used 8683K [0x0000000775b00000, 0x000000077cc80000, 0x00000007c0000000)
  eden space 92672K, 0% used [0x0000000775b00000,0x0000000775b00000,0x000000077b580000)
  from space 9728K, 89% used [0x000000077c300000,0x000000077cb7ac48,0x000000077cc80000)
  to   space 11776K, 0% used [0x000000077b580000,0x000000077b580000,0x000000077c100000)
 ParOldGen       total 82944K, used 5238K [0x00000006e1000000, 0x00000006e6100000, 0x0000000775b00000)
  object space 82944K, 6% used [0x00000006e1000000,0x00000006e151da58,0x00000006e6100000)
 Metaspace       used 28116K, capacity 30118K, committed 30208K, reserved 1075200K
  class space    used 3652K, capacity 4021K, committed 4096K, reserved 1048576K
}
Event: 9.314 GC heap before
{Heap before GC invocations=8 (full 1):
 PSYoungGen      total 102400K, used 101355K [0x0000000775b00000, 0x000000077cc80000, 0x00000007c0000000)
  eden space 92672K, 100% used [0x0000000775b00000,0x000000077b580000,0x000000077b580000)
  from space 9728K, 89% used [0x000000077c300000,0x000000077cb7ac48,0x000000077cc80000)
  to   space 11776K, 0% used [0x000000077b580000,0x000000077b580000,0x000000077c100000)
 ParOldGen       total 82944K, used 5238K [0x00000006e1000000, 0x00000006e6100000, 0x0000000775b00000)
  object space 82944K, 6% used [0x00000006e1000000,0x00000006e151da58,0x00000006e6100000)
 Metaspace       used 29781K, capacity 31740K, committed 31872K, reserved 1077248K
  class space    used 3837K, capacity 4194K, committed 4224K, reserved 1048576K
Event: 9.324 GC heap after
Heap after GC invocations=8 (full 1):
 PSYoungGen      total 104448K, used 7836K [0x0000000775b00000, 0x0000000780380000, 0x00000007c0000000)
  eden space 92672K, 0% used [0x0000000775b00000,0x0000000775b00000,0x000000077b580000)
  from space 11776K, 66% used [0x000000077b580000,0x000000077bd27218,0x000000077c100000)
  to   space 11264K, 0% used [0x000000077f880000,0x000000077f880000,0x0000000780380000)
 ParOldGen       total 82944K, used 5246K [0x00000006e1000000, 0x00000006e6100000, 0x0000000775b00000)
  object space 82944K, 6% used [0x00000006e1000000,0x00000006e151fa58,0x00000006e6100000)
 Metaspace       used 29781K, capacity 31740K, committed 31872K, reserved 1077248K
  class space    used 3837K, capacity 4194K, committed 4224K, reserved 1048576K
}
Event: 10.583 GC heap before
{Heap before GC invocations=9 (full 1):
 PSYoungGen      total 104448K, used 50868K [0x0000000775b00000, 0x0000000780380000, 0x00000007c0000000)
  eden space 92672K, 46% used [0x0000000775b00000,0x0000000778505e28,0x000000077b580000)
  from space 11776K, 66% used [0x000000077b580000,0x000000077bd27218,0x000000077c100000)
  to   space 11264K, 0% used [0x000000077f880000,0x000000077f880000,0x0000000780380000)
 ParOldGen       total 82944K, used 5246K [0x00000006e1000000, 0x00000006e6100000, 0x0000000775b00000)
  object space 82944K, 6% used [0x00000006e1000000,0x00000006e151fa58,0x00000006e6100000)
 Metaspace       used 33272K, capacity 35372K, committed 35416K, reserved 1079296K
  class space    used 4316K, capacity 4694K, committed 4736K, reserved 1048576K
Event: 10.596 GC heap after
Heap after GC invocations=9 (full 1):
 PSYoungGen      total 159232K, used 9790K [0x0000000775b00000, 0x0000000780380000, 0x00000007c0000000)
  eden space 147968K, 0% used [0x0000000775b00000,0x0000000775b00000,0x000000077eb80000)
  from space 11264K, 86% used [0x000000077f880000,0x000000078020fbf0,0x0000000780380000)
  to   space 12288K, 0% used [0x000000077eb80000,0x000000077eb80000,0x000000077f780000)
 ParOldGen       total 82944K, used 5254K [0x00000006e1000000, 0x00000006e6100000, 0x0000000775b00000)
  object space 82944K, 6% used [0x00000006e1000000,0x00000006e1521a58,0x00000006e6100000)
 Metaspace       used 33272K, capacity 35372K, committed 35416K, reserved 1079296K
  class space    used 4316K, capacity 4694K, committed 4736K, reserved 1048576K
}
Event: 10.596 GC heap before
{Heap before GC invocations=10 (full 2):
 PSYoungGen      total 159232K, used 9790K [0x0000000775b00000, 0x0000000780380000, 0x00000007c0000000)
  eden space 147968K, 0% used [0x0000000775b00000,0x0000000775b00000,0x000000077eb80000)
  from space 11264K, 86% used [0x000000077f880000,0x000000078020fbf0,0x0000000780380000)
  to   space 12288K, 0% used [0x000000077eb80000,0x000000077eb80000,0x000000077f780000)
 ParOldGen       total 82944K, used 5254K [0x00000006e1000000, 0x00000006e6100000, 0x0000000775b00000)
  object space 82944K, 6% used [0x00000006e1000000,0x00000006e1521a58,0x00000006e6100000)
 Metaspace       used 33272K, capacity 35372K, committed 35416K, reserved 1079296K
  class space    used 4316K, capacity 4694K, committed 4736K, reserved 1048576K
Event: 10.682 GC heap after
Heap after GC invocations=10 (full 2):
 PSYoungGen      total 159232K, used 0K [0x0000000775b00000, 0x0000000780380000, 0x00000007c0000000)
  eden space 147968K, 0% used [0x0000000775b00000,0x0000000775b00000,0x000000077eb80000)
  from space 11264K, 0% used [0x000000077f880000,0x000000077f880000,0x0000000780380000)
  to   space 12288K, 0% used [0x000000077eb80000,0x000000077eb80000,0x000000077f780000)
 ParOldGen       total 125952K, used 13552K [0x00000006e1000000, 0x00000006e8b00000, 0x0000000775b00000)
  object space 125952K, 10% used [0x00000006e1000000,0x00000006e1d3c0f8,0x00000006e8b00000)
 Metaspace       used 33272K, capacity 35372K, committed 35416K, reserved 1079296K
  class space    used 4316K, capacity 4694K, committed 4736K, reserved 1048576K
}

